<?xml version="1.0" encoding="UTF-8"?>
<testsuite name="AreaCheckerTest" tests="4" skipped="0" failures="0" errors="0" timestamp="2024-05-07T14:34:40" hostname="HP255G8" time="0.017">
  <properties/>
  <testcase name="testTriangle()" classname="AreaCheckerTest" time="0.012"/>
  <testcase name="testQuarterCircle()" classname="AreaCheckerTest" time="0.0"/>
  <testcase name="testEmptyArea()" classname="AreaCheckerTest" time="0.001"/>
  <testcase name="testRectangle()" classname="AreaCheckerTest" time="0.001"/>
  <system-out><![CDATA[]]></system-out>
  <system-err><![CDATA[]]></system-err>
</testsuite>
